{"/Users/barsen/Documents/WebDevelopment/ClubRossignolNew/client/src/i18n.js": {"path":"/Users/barsen/Documents/WebDevelopment/ClubRossignolNew/client/src/i18n.js","statementMap":{"0":{"start":{"line":6,"column":0},"end":{"line":21,"column":5}}},"fnMap":{},"branchMap":{},"s":{"0":1},"f":{},"b":{},"_coverageSchema":"1a1c01bbd47fc00a2c39e90264f33305004495a9","hash":"5dc51c50f8975ebdce78eccc0f9e53051b01c464"}
,"/Users/barsen/Documents/WebDevelopment/ClubRossignolNew/client/src/components/Landing/Feature/index.jsx": {"path":"/Users/barsen/Documents/WebDevelopment/ClubRossignolNew/client/src/components/Landing/Feature/index.jsx","statementMap":{"0":{"start":{"line":13,"column":16},"end":{"line":28,"column":1}},"1":{"start":{"line":14,"column":16},"end":{"line":14,"column":32}},"2":{"start":{"line":16,"column":45},"end":{"line":16,"column":52}},"3":{"start":{"line":17,"column":2},"end":{"line":27,"column":4}}},"fnMap":{"0":{"name":"(anonymous_0)","decl":{"start":{"line":13,"column":16},"end":{"line":13,"column":17}},"loc":{"start":{"line":13,"column":33},"end":{"line":28,"column":1}},"line":13}},"branchMap":{},"s":{"0":1,"1":0,"2":0,"3":0},"f":{"0":0},"b":{},"_coverageSchema":"1a1c01bbd47fc00a2c39e90264f33305004495a9","hash":"3ea18e7b5dae9be4293adcc600d060c2006e72f8"}
,"/Users/barsen/Documents/WebDevelopment/ClubRossignolNew/client/src/components/Landing/FeatureSection/FeaturesSectionElements.jsx": {"path":"/Users/barsen/Documents/WebDevelopment/ClubRossignolNew/client/src/components/Landing/FeatureSection/FeaturesSectionElements.jsx","statementMap":{"0":{"start":{"line":3,"column":40},"end":{"line":9,"column":1}},"1":{"start":{"line":11,"column":31},"end":{"line":14,"column":1}},"2":{"start":{"line":16,"column":24},"end":{"line":24,"column":1}}},"fnMap":{},"branchMap":{},"s":{"0":0,"1":0,"2":0},"f":{},"b":{}}
,"/Users/barsen/Documents/WebDevelopment/ClubRossignolNew/client/src/components/Landing/FeatureSection/features.js": {"path":"/Users/barsen/Documents/WebDevelopment/ClubRossignolNew/client/src/components/Landing/FeatureSection/features.js","statementMap":{"0":{"start":{"line":1,"column":22},"end":{"line":45,"column":1}}},"fnMap":{},"branchMap":{},"s":{"0":0},"f":{},"b":{}}
,"/Users/barsen/Documents/WebDevelopment/ClubRossignolNew/client/src/components/Landing/FeatureSection/index.js": {"path":"/Users/barsen/Documents/WebDevelopment/ClubRossignolNew/client/src/components/Landing/FeatureSection/index.js","statementMap":{"0":{"start":{"line":11,"column":24},"end":{"line":26,"column":1}},"1":{"start":{"line":12,"column":2},"end":{"line":25,"column":4}},"2":{"start":{"line":19,"column":14},"end":{"line":19,"column":60}}},"fnMap":{"0":{"name":"(anonymous_0)","decl":{"start":{"line":11,"column":24},"end":{"line":11,"column":25}},"loc":{"start":{"line":11,"column":30},"end":{"line":26,"column":1}},"line":11},"1":{"name":"(anonymous_1)","decl":{"start":{"line":18,"column":30},"end":{"line":18,"column":31}},"loc":{"start":{"line":19,"column":14},"end":{"line":19,"column":60}},"line":19}},"branchMap":{},"s":{"0":0,"1":0,"2":0},"f":{"0":0,"1":0},"b":{}}
,"/Users/barsen/Documents/WebDevelopment/ClubRossignolNew/client/src/pages/Home/index.js": {"path":"/Users/barsen/Documents/WebDevelopment/ClubRossignolNew/client/src/pages/Home/index.js","statementMap":{"0":{"start":{"line":19,"column":13},"end":{"line":41,"column":1}},"1":{"start":{"line":20,"column":30},"end":{"line":20,"column":45}},"2":{"start":{"line":22,"column":17},"end":{"line":24,"column":3}},"3":{"start":{"line":23,"column":4},"end":{"line":23,"column":23}},"4":{"start":{"line":26,"column":2},"end":{"line":40,"column":4}}},"fnMap":{"0":{"name":"(anonymous_0)","decl":{"start":{"line":19,"column":13},"end":{"line":19,"column":14}},"loc":{"start":{"line":19,"column":19},"end":{"line":41,"column":1}},"line":19},"1":{"name":"(anonymous_1)","decl":{"start":{"line":22,"column":17},"end":{"line":22,"column":18}},"loc":{"start":{"line":22,"column":23},"end":{"line":24,"column":3}},"line":22}},"branchMap":{},"s":{"0":0,"1":0,"2":0,"3":0,"4":0},"f":{"0":0,"1":0},"b":{}}
}
